<?xml version="1.0" encoding="UTF-8"?>
<!-- Generated by org.testng.reporters.JUnitXMLReporter -->
<testsuite hostname="DESKTOP-VDH35U1" ignored="0" name="login" tests="1" failures="1" timestamp="2022-01-08T23:19:19 GST" time="12.083" errors="0">
  <testcase name="test1" time="11.977" classname="DemoImage.DemoImage">
    <failure type="org.openqa.selenium.SessionNotCreatedException" message="session not created: This version of ChromeDriver only supports Chrome version 91
Current browser version is 97.0.4692.71 with binary path C:\Program Files (x86)\Google\Chrome\Application\chrome.exe
Build info: version: &amp;apos;3.141.59&amp;apos;, revision: &amp;apos;e82be7d358&amp;apos;, time: &amp;apos;2018-11-14T08:17:03&amp;apos;
System info: host: &amp;apos;DESKTOP-VDH35U1&amp;apos;, ip: &amp;apos;192.168.1.101&amp;apos;, os.name: &amp;apos;Windows 10&amp;apos;, os.arch: &amp;apos;amd64&amp;apos;, os.version: &amp;apos;10.0&amp;apos;, java.version: &amp;apos;1.8.0_281&amp;apos;
Driver info: driver.version: ChromeDriver
remote stacktrace: Backtrace:
	Ordinal0 [0x00E92DB3+2502067]
	Ordinal0 [0x00E2C5B1+2082225]
	Ordinal0 [0x00D32498+1057944]
	Ordinal0 [0x00D505DA+1181146]
	Ordinal0 [0x00D4C43C+1164348]
	Ordinal0 [0x00D49C73+1154163]
	Ordinal0 [0x00D79A22+1350178]
	Ordinal0 [0x00D7967A+1349242]
	Ordinal0 [0x00D75BEB+1334251]
	Ordinal0 [0x00D52174+1188212]
	Ordinal0 [0x00D53009+1191945]
	GetHandleVerifier [0x0100EC5C+1511084]
	GetHandleVerifier [0x010B8522+2205554]
	GetHandleVerifier [0x00F13393+480739]
	GetHandleVerifier [0x00F12579+477129]
	Ordinal0 [0x00E31E5D+2104925]
	Ordinal0 [0x00E363F8+2122744]
	Ordinal0 [0x00E36537+2123063]
	Ordinal0 [0x00E3EE53+2158163]
	BaseThreadInitThunk [0x7644FA29+25]
	RtlGetAppContainerNamedObjectPath [0x77417A9E+286]
	RtlGetAppContainerNamedObjectPath [0x77417A6E+238]
">
      <![CDATA[org.openqa.selenium.SessionNotCreatedException: session not created: This version of ChromeDriver only supports Chrome version 91
Current browser version is 97.0.4692.71 with binary path C:\Program Files (x86)\Google\Chrome\Application\chrome.exe
Build info: version: '3.141.59', revision: 'e82be7d358', time: '2018-11-14T08:17:03'
System info: host: 'DESKTOP-VDH35U1', ip: '192.168.1.101', os.name: 'Windows 10', os.arch: 'amd64', os.version: '10.0', java.version: '1.8.0_281'
Driver info: driver.version: ChromeDriver
remote stacktrace: Backtrace:
Ordinal0 [0x00E92DB3+2502067]
Ordinal0 [0x00E2C5B1+2082225]
Ordinal0 [0x00D32498+1057944]
Ordinal0 [0x00D505DA+1181146]
Ordinal0 [0x00D4C43C+1164348]
Ordinal0 [0x00D49C73+1154163]
Ordinal0 [0x00D79A22+1350178]
Ordinal0 [0x00D7967A+1349242]
Ordinal0 [0x00D75BEB+1334251]
Ordinal0 [0x00D52174+1188212]
Ordinal0 [0x00D53009+1191945]
GetHandleVerifier [0x0100EC5C+1511084]
GetHandleVerifier [0x010B8522+2205554]
GetHandleVerifier [0x00F13393+480739]
GetHandleVerifier [0x00F12579+477129]
Ordinal0 [0x00E31E5D+2104925]
Ordinal0 [0x00E363F8+2122744]
Ordinal0 [0x00E36537+2123063]
Ordinal0 [0x00E3EE53+2158163]
BaseThreadInitThunk [0x7644FA29+25]
RtlGetAppContainerNamedObjectPath [0x77417A9E+286]
RtlGetAppContainerNamedObjectPath [0x77417A6E+238]

at org.openqa.selenium.remote.W3CHandshakeResponse.lambda$errorHandler$0(W3CHandshakeResponse.java:62)
at org.openqa.selenium.remote.HandshakeResponse.lambda$getResponseFunction$0(HandshakeResponse.java:30)
at org.openqa.selenium.remote.ProtocolHandshake.lambda$createSession$0(ProtocolHandshake.java:126)
at java.util.stream.ReferencePipeline$3$1.accept(ReferencePipeline.java:193)
at java.util.Spliterators$ArraySpliterator.tryAdvance(Spliterators.java:958)
at java.util.stream.ReferencePipeline.forEachWithCancel(ReferencePipeline.java:126)
at java.util.stream.AbstractPipeline.copyIntoWithCancel(AbstractPipeline.java:499)
at java.util.stream.AbstractPipeline.copyInto(AbstractPipeline.java:486)
at java.util.stream.AbstractPipeline.wrapAndCopyInto(AbstractPipeline.java:472)
at java.util.stream.FindOps$FindOp.evaluateSequential(FindOps.java:152)
at java.util.stream.AbstractPipeline.evaluate(AbstractPipeline.java:234)
at java.util.stream.ReferencePipeline.findFirst(ReferencePipeline.java:464)
at org.openqa.selenium.remote.ProtocolHandshake.createSession(ProtocolHandshake.java:128)
at org.openqa.selenium.remote.ProtocolHandshake.createSession(ProtocolHandshake.java:74)
at org.openqa.selenium.remote.HttpCommandExecutor.execute(HttpCommandExecutor.java:136)
at org.openqa.selenium.remote.service.DriverCommandExecutor.execute(DriverCommandExecutor.java:83)
at org.openqa.selenium.remote.RemoteWebDriver.execute(RemoteWebDriver.java:552)
at org.openqa.selenium.remote.RemoteWebDriver.startSession(RemoteWebDriver.java:213)
at org.openqa.selenium.remote.RemoteWebDriver.<init>(RemoteWebDriver.java:131)
at org.openqa.selenium.chrome.ChromeDriver.<init>(ChromeDriver.java:181)
at org.openqa.selenium.chrome.ChromeDriver.<init>(ChromeDriver.java:168)
at org.openqa.selenium.chrome.ChromeDriver.<init>(ChromeDriver.java:123)
at DemoImage.DemoImage.test1(DemoImage.java:15)
at java.util.ArrayList.forEach(ArrayList.java:1259)
... Removed 31 stack frames]]>
    </failure>
  </testcase> <!-- test1 -->
</testsuite> <!-- login -->
